<?xml version="1.0" encoding="UTF-8"?>
<testng-results skipped="0" failed="0" ignored="0" total="1" passed="1">
  <reporter-output>
  </reporter-output>
  <suite name="Default suite" duration-ms="538" started-at="2017-06-07T14:16:35Z" finished-at="2017-06-07T14:16:36Z">
    <groups>
    </groups>
    <test name="Default test" duration-ms="538" started-at="2017-06-07T14:16:35Z" finished-at="2017-06-07T14:16:36Z">
      <class name="tests.parsing.FactorialParserTest">
        <test-method status="PASS" signature="test()[pri:0, instance:tests.parsing.FactorialParserTest@7c0e2abd]" name="test" duration-ms="453" started-at="2017-06-07T16:16:35Z" finished-at="2017-06-07T16:16:36Z">
          <reporter-output>
          </reporter-output>
        </test-method> <!-- test -->
      </class> <!-- tests.parsing.FactorialParserTest -->
    </test> <!-- Default test -->
  </suite> <!-- Default suite -->
</testng-results>
